#
# There is insufficient memory for the Java Runtime Environment to continue.
# Native memory allocation (malloc) failed to allocate 99808 bytes for Chunk::new
# Possible reasons:
#   The system is out of physical RAM or swap space
#   The process is running with CompressedOops enabled, and the Java Heap may be blocking the growth of the native heap
# Possible solutions:
#   Reduce memory load on the system
#   Increase physical memory or swap space
#   Check if swap backing store is full
#   Decrease Java heap size (-Xmx/-Xms)
#   Decrease number of Java threads
#   Decrease Java thread stack sizes (-Xss)
#   Set larger code cache with -XX:ReservedCodeCacheSize=
#   JVM is running with Unscaled Compressed Oops mode in which the Java heap is
#     placed in the first 4GB address space. The Java Heap base address is the
#     maximum limit for the native heap growth. Please use -XX:HeapBaseMinAddress
#     to set the Java Heap base and to place the Java Heap above 4GB virtual address.
# This output file may be truncated or incomplete.
#
#  Out of Memory Error (arena.cpp:189), pid=53308, tid=17084
#
# JRE version: OpenJDK Runtime Environment JBR-17.0.3+7-469.32-jcef (17.0.3+7) (build 17.0.3+7-b469.32)
# Java VM: OpenJDK 64-Bit Server VM JBR-17.0.3+7-469.32-jcef (17.0.3+7-b469.32, mixed mode, tiered, compressed oops, compressed class ptrs, g1 gc, windows-amd64)
# No core dump will be written. Minidumps are not enabled by default on client versions of Windows
#

---------------  S U M M A R Y ------------

Command Line: git4idea.http.GitAskPassApp Username for 'http://172.16.1.82': 

Host: Intel(R) Core(TM) i3-10105 CPU @ 3.70GHz, 8 cores, 7G,  Windows 10 , 64 bit Build 19041 (10.0.19041.207)
Time: Tue Nov 26 15:00:35 2024  Windows 10 , 64 bit Build 19041 (10.0.19041.207) elapsed time: 0.098691 seconds (0d 0h 0m 0s)

---------------  T H R E A D  ---------------

Current thread (0x000002017e841f30):  JavaThread "C2 CompilerThread0" daemon [_thread_in_native, id=17084, stack(0x000000a35dd00000,0x000000a35de00000)]


Current CompileTask:
C2:     98   93   !   4       java.util.zip.ZipFile$Source::checkAndAddEntry (209 bytes)

Stack: [0x000000a35dd00000,0x000000a35de00000]
Native frames: (J=compiled Java code, j=interpreted, Vv=VM code, C=native code)
V  [jvm.dll+0x681f8a]
V  [jvm.dll+0x83e374]
V  [jvm.dll+0x83fb1e]
V  [jvm.dll+0x840183]
V  [jvm.dll+0x2492a5]
V  [jvm.dll+0xabd5c]
V  [jvm.dll+0xac32c]
V  [jvm.dll+0x3681d7]
V  [jvm.dll+0x3327b1]
V  [jvm.dll+0x331c5a]
V  [jvm.dll+0x21b951]
V  [jvm.dll+0x21ad71]
V  [jvm.dll+0x1a49dd]
V  [jvm.dll+0x22a7e8]
V  [jvm.dll+0x228891]
V  [jvm.dll+0x7f3d6c]
V  [jvm.dll+0x7ee2ea]
V  [jvm.dll+0x680dc5]
C  [ucrtbase.dll+0x21542]
C  [KERNEL32.DLL+0x16fd4]
C  [ntdll.dll+0x4cec1]


---------------  P R O C E S S  ---------------

Threads class SMR info:
_java_thread_list=0x000002017eac9c20, length=13, elements={
0x00000201635c8be0, 0x000002017dee0350, 0x000002017dee0c10, 0x000002017e83f440,
0x000002017e83fd00, 0x000002017e8409d0, 0x000002017e841290, 0x000002017e841f30,
0x000002017e8470e0, 0x000002017e844970, 0x000002017e9e4010, 0x000002017e9e6120,
0x000002017eac9630
}

Java Threads: ( => current thread )
  0x00000201635c8be0 JavaThread "main" [_thread_in_vm, id=47248, stack(0x000000a35d000000,0x000000a35d100000)]
  0x000002017dee0350 JavaThread "Reference Handler" daemon [_thread_blocked, id=53552, stack(0x000000a35d700000,0x000000a35d800000)]
  0x000002017dee0c10 JavaThread "Finalizer" daemon [_thread_blocked, id=53996, stack(0x000000a35d800000,0x000000a35d900000)]
  0x000002017e83f440 JavaThread "Signal Dispatcher" daemon [_thread_blocked, id=53868, stack(0x000000a35d900000,0x000000a35da00000)]
  0x000002017e83fd00 JavaThread "Attach Listener" daemon [_thread_blocked, id=53784, stack(0x000000a35da00000,0x000000a35db00000)]
  0x000002017e8409d0 JavaThread "Service Thread" daemon [_thread_blocked, id=46484, stack(0x000000a35db00000,0x000000a35dc00000)]
  0x000002017e841290 JavaThread "Monitor Deflation Thread" daemon [_thread_blocked, id=44356, stack(0x000000a35dc00000,0x000000a35dd00000)]
=>0x000002017e841f30 JavaThread "C2 CompilerThread0" daemon [_thread_in_native, id=17084, stack(0x000000a35dd00000,0x000000a35de00000)]
  0x000002017e8470e0 JavaThread "C1 CompilerThread0" daemon [_thread_blocked, id=35712, stack(0x000000a35de00000,0x000000a35df00000)]
  0x000002017e844970 JavaThread "Sweeper thread" daemon [_thread_blocked, id=53328, stack(0x000000a35df00000,0x000000a35e000000)]
  0x000002017e9e4010 JavaThread "Notification Thread" daemon [_thread_blocked, id=20908, stack(0x000000a35e000000,0x000000a35e100000)]
  0x000002017e9e6120 JavaThread "Common-Cleaner" daemon [_thread_blocked, id=12976, stack(0x000000a35e200000,0x000000a35e300000)]
  0x000002017eac9630 JavaThread "C2 CompilerThread1" daemon [_thread_blocked, id=48168, stack(0x000000a35e300000,0x000000a35e400000)]

Other Threads:
  0x000002017dede9a0 VMThread "VM Thread" [stack: 0x000000a35d600000,0x000000a35d700000] [id=42940]
  0x000002016363b210 WatcherThread [stack: 0x000000a35e100000,0x000000a35e200000] [id=50648]
  0x0000020163621c50 GCTaskThread "GC Thread#0" [stack: 0x000000a35d100000,0x000000a35d200000] [id=45852]
  0x0000020163632e50 ConcurrentGCThread "G1 Main Marker" [stack: 0x000000a35d200000,0x000000a35d300000] [id=51524]
  0x0000020163633db0 ConcurrentGCThread "G1 Conc#0" [stack: 0x000000a35d300000,0x000000a35d400000] [id=43736]
  0x000002017dd320c0 ConcurrentGCThread "G1 Refine#0" [stack: 0x000000a35d400000,0x000000a35d500000] [id=44856]
  0x000002017dd32890 ConcurrentGCThread "G1 Service" [stack: 0x000000a35d500000,0x000000a35d600000] [id=43124]

Threads with active compile tasks:
C2 CompilerThread0      122   93   !   4       java.util.zip.ZipFile$Source::checkAndAddEntry (209 bytes)

VM state: not at safepoint (normal execution)

VM Mutex/Monitor currently owned by a thread: None

Heap address: 0x0000000085800000, size: 1960 MB, Compressed Oops mode: 32-bit

CDS archive(s) not mapped
Compressed class space mapped at: 0x0000000100000000-0x0000000140000000, reserved size: 1073741824
Narrow klass base: 0x0000000000000000, Narrow klass shift: 3, Narrow klass range: 0x140000000

GC Precious Log:
 CPUs: 8 total, 8 available
 Memory: 7834M
 Large Page Support: Disabled
 NUMA Support: Disabled
 Compressed Oops: Enabled (32-bit)
 Heap Region Size: 1M
 Heap Min Capacity: 8M
 Heap Initial Capacity: 124M
 Heap Max Capacity: 1960M
 Pre-touch: Disabled
 Parallel Workers: 8
 Concurrent Workers: 2
 Concurrent Refinement Workers: 8
 Periodic GC: Disabled

Heap:
 garbage-first heap   total 126976K, used 13312K [0x0000000085800000, 0x0000000100000000)
  region size 1024K, 3 young (3072K), 0 survivors (0K)
 Metaspace       used 5615K, committed 5760K, reserved 1056768K
  class space    used 469K, committed 512K, reserved 1048576K

Heap Regions: E=young(eden), S=young(survivor), O=old, HS=humongous(starts), HC=humongous(continues), CS=collection set, F=free, OA=open archive, CA=closed archive, TAMS=top-at-mark-start (previous, next)
|   0|0x0000000085800000, 0x0000000085900000, 0x0000000085900000|100%|HS|  |TAMS 0x0000000085800000, 0x0000000085800000| Complete 
|   1|0x0000000085900000, 0x0000000085a00000, 0x0000000085a00000|100%|HC|  |TAMS 0x0000000085900000, 0x0000000085900000| Complete 
|   2|0x0000000085a00000, 0x0000000085b00000, 0x0000000085b00000|100%|HC|  |TAMS 0x0000000085a00000, 0x0000000085a00000| Complete 
|   3|0x0000000085b00000, 0x0000000085c00000, 0x0000000085c00000|100%|HC|  |TAMS 0x0000000085b00000, 0x0000000085b00000| Complete 
|   4|0x0000000085c00000, 0x0000000085d00000, 0x0000000085d00000|100%|HC|  |TAMS 0x0000000085c00000, 0x0000000085c00000| Complete 
|   5|0x0000000085d00000, 0x0000000085e00000, 0x0000000085e00000|100%|HC|  |TAMS 0x0000000085d00000, 0x0000000085d00000| Complete 
|   6|0x0000000085e00000, 0x0000000085f00000, 0x0000000085f00000|100%|HC|  |TAMS 0x0000000085e00000, 0x0000000085e00000| Complete 
|   7|0x0000000085f00000, 0x0000000086000000, 0x0000000086000000|100%|HC|  |TAMS 0x0000000085f00000, 0x0000000085f00000| Complete 
|   8|0x0000000086000000, 0x0000000086100000, 0x0000000086100000|100%|HC|  |TAMS 0x0000000086000000, 0x0000000086000000| Complete 
|   9|0x0000000086100000, 0x0000000086200000, 0x0000000086200000|100%|HC|  |TAMS 0x0000000086100000, 0x0000000086100000| Complete 
|  10|0x0000000086200000, 0x0000000086300000, 0x0000000086300000|100%|HS|  |TAMS 0x0000000086200000, 0x0000000086200000| Complete 
|  11|0x0000000086300000, 0x0000000086400000, 0x0000000086400000|100%|HC|  |TAMS 0x0000000086300000, 0x0000000086300000| Complete 
|  12|0x0000000086400000, 0x0000000086400000, 0x0000000086500000|  0%| F|  |TAMS 0x0000000086400000, 0x0000000086400000| Untracked 
|  13|0x0000000086500000, 0x0000000086500000, 0x0000000086600000|  0%| F|  |TAMS 0x0000000086500000, 0x0000000086500000| Untracked 
|  14|0x0000000086600000, 0x0000000086600000, 0x0000000086700000|  0%| F|  |TAMS 0x0000000086600000, 0x0000000086600000| Untracked 
|  15|0x0000000086700000, 0x0000000086700000, 0x0000000086800000|  0%| F|  |TAMS 0x0000000086700000, 0x0000000086700000| Untracked 
|  16|0x0000000086800000, 0x0000000086800000, 0x0000000086900000|  0%| F|  |TAMS 0x0000000086800000, 0x0000000086800000| Untracked 
|  17|0x0000000086900000, 0x0000000086900000, 0x0000000086a00000|  0%| F|  |TAMS 0x0000000086900000, 0x0000000086900000| Untracked 
|  18|0x0000000086a00000, 0x0000000086a00000, 0x0000000086b00000|  0%| F|  |TAMS 0x0000000086a00000, 0x0000000086a00000| Untracked 
|  19|0x0000000086b00000, 0x0000000086b00000, 0x0000000086c00000|  0%| F|  |TAMS 0x0000000086b00000, 0x0000000086b00000| Untracked 
|  20|0x0000000086c00000, 0x0000000086c00000, 0x0000000086d00000|  0%| F|  |TAMS 0x0000000086c00000, 0x0000000086c00000| Untracked 
|  21|0x0000000086d00000, 0x0000000086d00000, 0x0000000086e00000|  0%| F|  |TAMS 0x0000000086d00000, 0x0000000086d00000| Untracked 
|  22|0x0000000086e00000, 0x0000000086e00000, 0x0000000086f00000|  0%| F|  |TAMS 0x0000000086e00000, 0x0000000086e00000| Untracked 
|  23|0x0000000086f00000, 0x0000000086f00000, 0x0000000087000000|  0%| F|  |TAMS 0x0000000086f00000, 0x0000000086f00000| Untracked 
|  24|0x0000000087000000, 0x0000000087000000, 0x0000000087100000|  0%| F|  |TAMS 0x0000000087000000, 0x0000000087000000| Untracked 
|  25|0x0000000087100000, 0x0000000087100000, 0x0000000087200000|  0%| F|  |TAMS 0x0000000087100000, 0x0000000087100000| Untracked 
|  26|0x0000000087200000, 0x0000000087200000, 0x0000000087300000|  0%| F|  |TAMS 0x0000000087200000, 0x0000000087200000| Untracked 
|  27|0x0000000087300000, 0x0000000087300000, 0x0000000087400000|  0%| F|  |TAMS 0x0000000087300000, 0x0000000087300000| Untracked 
|  28|0x0000000087400000, 0x0000000087400000, 0x0000000087500000|  0%| F|  |TAMS 0x0000000087400000, 0x0000000087400000| Untracked 
|  29|0x0000000087500000, 0x0000000087500000, 0x0000000087600000|  0%| F|  |TAMS 0x0000000087500000, 0x0000000087500000| Untracked 
|  30|0x0000000087600000, 0x0000000087600000, 0x0000000087700000|  0%| F|  |TAMS 0x0000000087600000, 0x0000000087600000| Untracked 
|  31|0x0000000087700000, 0x0000000087700000, 0x0000000087800000|  0%| F|  |TAMS 0x0000000087700000, 0x0000000087700000| Untracked 
|  32|0x0000000087800000, 0x0000000087800000, 0x0000000087900000|  0%| F|  |TAMS 0x0000000087800000, 0x0000000087800000| Untracked 
|  33|0x0000000087900000, 0x0000000087900000, 0x0000000087a00000|  0%| F|  |TAMS 0x0000000087900000, 0x0000000087900000| Untracked 
|  34|0x0000000087a00000, 0x0000000087a00000, 0x0000000087b00000|  0%| F|  |TAMS 0x0000000087a00000, 0x0000000087a00000| Untracked 
|  35|0x0000000087b00000, 0x0000000087b00000, 0x0000000087c00000|  0%| F|  |TAMS 0x0000000087b00000, 0x0000000087b00000| Untracked 
|  36|0x0000000087c00000, 0x0000000087c00000, 0x0000000087d00000|  0%| F|  |TAMS 0x0000000087c00000, 0x0000000087c00000| Untracked 
|  37|0x0000000087d00000, 0x0000000087d00000, 0x0000000087e00000|  0%| F|  |TAMS 0x0000000087d00000, 0x0000000087d00000| Untracked 
|  38|0x0000000087e00000, 0x0000000087e00000, 0x0000000087f00000|  0%| F|  |TAMS 0x0000000087e00000, 0x0000000087e00000| Untracked 
|  39|0x0000000087f00000, 0x0000000087f00000, 0x0000000088000000|  0%| F|  |TAMS 0x0000000087f00000, 0x0000000087f00000| Untracked 
|  40|0x0000000088000000, 0x0000000088000000, 0x0000000088100000|  0%| F|  |TAMS 0x0000000088000000, 0x0000000088000000| Untracked 
|  41|0x0000000088100000, 0x0000000088100000, 0x0000000088200000|  0%| F|  |TAMS 0x0000000088100000, 0x0000000088100000| Untracked 
|  42|0x0000000088200000, 0x0000000088200000, 0x0000000088300000|  0%| F|  |TAMS 0x0000000088200000, 0x0000000088200000| Untracked 
|  43|0x0000000088300000, 0x0000000088300000, 0x0000000088400000|  0%| F|  |TAMS 0x0000000088300000, 0x0000000088300000| Untracked 
|  44|0x0000000088400000, 0x0000000088400000, 0x0000000088500000|  0%| F|  |TAMS 0x0000000088400000, 0x0000000088400000| Untracked 
|  45|0x0000000088500000, 0x0000000088500000, 0x0000000088600000|  0%| F|  |TAMS 0x0000000088500000, 0x0000000088500000| Untracked 
|  46|0x0000000088600000, 0x0000000088600000, 0x0000000088700000|  0%| F|  |TAMS 0x0000000088600000, 0x0000000088600000| Untracked 
|  47|0x0000000088700000, 0x0000000088700000, 0x0000000088800000|  0%| F|  |TAMS 0x0000000088700000, 0x0000000088700000| Untracked 
|  48|0x0000000088800000, 0x0000000088800000, 0x0000000088900000|  0%| F|  |TAMS 0x0000000088800000, 0x0000000088800000| Untracked 
|  49|0x0000000088900000, 0x0000000088900000, 0x0000000088a00000|  0%| F|  |TAMS 0x0000000088900000, 0x0000000088900000| Untracked 
|  50|0x0000000088a00000, 0x0000000088a00000, 0x0000000088b00000|  0%| F|  |TAMS 0x0000000088a00000, 0x0000000088a00000| Untracked 
|  51|0x0000000088b00000, 0x0000000088b00000, 0x0000000088c00000|  0%| F|  |TAMS 0x0000000088b00000, 0x0000000088b00000| Untracked 
|  52|0x0000000088c00000, 0x0000000088c00000, 0x0000000088d00000|  0%| F|  |TAMS 0x0000000088c00000, 0x0000000088c00000| Untracked 
|  53|0x0000000088d00000, 0x0000000088d00000, 0x0000000088e00000|  0%| F|  |TAMS 0x0000000088d00000, 0x0000000088d00000| Untracked 
|  54|0x0000000088e00000, 0x0000000088e00000, 0x0000000088f00000|  0%| F|  |TAMS 0x0000000088e00000, 0x0000000088e00000| Untracked 
|  55|0x0000000088f00000, 0x0000000088f00000, 0x0000000089000000|  0%| F|  |TAMS 0x0000000088f00000, 0x0000000088f00000| Untracked 
|  56|0x0000000089000000, 0x0000000089000000, 0x0000000089100000|  0%| F|  |TAMS 0x0000000089000000, 0x0000000089000000| Untracked 
|  57|0x0000000089100000, 0x0000000089100000, 0x0000000089200000|  0%| F|  |TAMS 0x0000000089100000, 0x0000000089100000| Untracked 
|  58|0x0000000089200000, 0x0000000089200000, 0x0000000089300000|  0%| F|  |TAMS 0x0000000089200000, 0x0000000089200000| Untracked 
|  59|0x0000000089300000, 0x0000000089300000, 0x0000000089400000|  0%| F|  |TAMS 0x0000000089300000, 0x0000000089300000| Untracked 
|  60|0x0000000089400000, 0x0000000089400000, 0x0000000089500000|  0%| F|  |TAMS 0x0000000089400000, 0x0000000089400000| Untracked 
|  61|0x0000000089500000, 0x0000000089500000, 0x0000000089600000|  0%| F|  |TAMS 0x0000000089500000, 0x0000000089500000| Untracked 
|  62|0x0000000089600000, 0x0000000089600000, 0x0000000089700000|  0%| F|  |TAMS 0x0000000089600000, 0x0000000089600000| Untracked 
|  63|0x0000000089700000, 0x0000000089700000, 0x0000000089800000|  0%| F|  |TAMS 0x0000000089700000, 0x0000000089700000| Untracked 
|  64|0x0000000089800000, 0x0000000089800000, 0x0000000089900000|  0%| F|  |TAMS 0x0000000089800000, 0x0000000089800000| Untracked 
|  65|0x0000000089900000, 0x0000000089900000, 0x0000000089a00000|  0%| F|  |TAMS 0x0000000089900000, 0x0000000089900000| Untracked 
|  66|0x0000000089a00000, 0x0000000089a00000, 0x0000000089b00000|  0%| F|  |TAMS 0x0000000089a00000, 0x0000000089a00000| Untracked 
|  67|0x0000000089b00000, 0x0000000089b00000, 0x0000000089c00000|  0%| F|  |TAMS 0x0000000089b00000, 0x0000000089b00000| Untracked 
|  68|0x0000000089c00000, 0x0000000089c00000, 0x0000000089d00000|  0%| F|  |TAMS 0x0000000089c00000, 0x0000000089c00000| Untracked 
|  69|0x0000000089d00000, 0x0000000089d00000, 0x0000000089e00000|  0%| F|  |TAMS 0x0000000089d00000, 0x0000000089d00000| Untracked 
|  70|0x0000000089e00000, 0x0000000089e00000, 0x0000000089f00000|  0%| F|  |TAMS 0x0000000089e00000, 0x0000000089e00000| Untracked 
|  71|0x0000000089f00000, 0x0000000089f00000, 0x000000008a000000|  0%| F|  |TAMS 0x0000000089f00000, 0x0000000089f00000| Untracked 
|  72|0x000000008a000000, 0x000000008a000000, 0x000000008a100000|  0%| F|  |TAMS 0x000000008a000000, 0x000000008a000000| Untracked 
|  73|0x000000008a100000, 0x000000008a100000, 0x000000008a200000|  0%| F|  |TAMS 0x000000008a100000, 0x000000008a100000| Untracked 
|  74|0x000000008a200000, 0x000000008a200000, 0x000000008a300000|  0%| F|  |TAMS 0x000000008a200000, 0x000000008a200000| Untracked 
|  75|0x000000008a300000, 0x000000008a300000, 0x000000008a400000|  0%| F|  |TAMS 0x000000008a300000, 0x000000008a300000| Untracked 
|  76|0x000000008a400000, 0x000000008a400000, 0x000000008a500000|  0%| F|  |TAMS 0x000000008a400000, 0x000000008a400000| Untracked 
|  77|0x000000008a500000, 0x000000008a500000, 0x000000008a600000|  0%| F|  |TAMS 0x000000008a500000, 0x000000008a500000| Untracked 
|  78|0x000000008a600000, 0x000000008a600000, 0x000000008a700000|  0%| F|  |TAMS 0x000000008a600000, 0x000000008a600000| Untracked 
|  79|0x000000008a700000, 0x000000008a700000, 0x000000008a800000|  0%| F|  |TAMS 0x000000008a700000, 0x000000008a700000| Untracked 
|  80|0x000000008a800000, 0x000000008a800000, 0x000000008a900000|  0%| F|  |TAMS 0x000000008a800000, 0x000000008a800000| Untracked 
|  81|0x000000008a900000, 0x000000008a900000, 0x000000008aa00000|  0%| F|  |TAMS 0x000000008a900000, 0x000000008a900000| Untracked 
|  82|0x000000008aa00000, 0x000000008aa00000, 0x000000008ab00000|  0%| F|  |TAMS 0x000000008aa00000, 0x000000008aa00000| Untracked 
|  83|0x000000008ab00000, 0x000000008ab00000, 0x000000008ac00000|  0%| F|  |TAMS 0x000000008ab00000, 0x000000008ab00000| Untracked 
|  84|0x000000008ac00000, 0x000000008ac00000, 0x000000008ad00000|  0%| F|  |TAMS 0x000000008ac00000, 0x000000008ac00000| Untracked 
|  85|0x000000008ad00000, 0x000000008ad00000, 0x000000008ae00000|  0%| F|  |TAMS 0x000000008ad00000, 0x000000008ad00000| Untracked 
|  86|0x000000008ae00000, 0x000000008ae00000, 0x000000008af00000|  0%| F|  |TAMS 0x000000008ae00000, 0x000000008ae00000| Untracked 
|  87|0x000000008af00000, 0x000000008af00000, 0x000000008b000000|  0%| F|  |TAMS 0x000000008af00000, 0x000000008af00000| Untracked 
|  88|0x000000008b000000, 0x000000008b000000, 0x000000008b100000|  0%| F|  |TAMS 0x000000008b000000, 0x000000008b000000| Untracked 
|  89|0x000000008b100000, 0x000000008b100000, 0x000000008b200000|  0%| F|  |TAMS 0x000000008b100000, 0x000000008b100000| Untracked 
|  90|0x000000008b200000, 0x000000008b200000, 0x000000008b300000|  0%| F|  |TAMS 0x000000008b200000, 0x000000008b200000| Untracked 
|  91|0x000000008b300000, 0x000000008b300000, 0x000000008b400000|  0%| F|  |TAMS 0x000000008b300000, 0x000000008b300000| Untracked 
|  92|0x000000008b400000, 0x000000008b400000, 0x000000008b500000|  0%| F|  |TAMS 0x000000008b400000, 0x000000008b400000| Untracked 
|  93|0x000000008b500000, 0x000000008b500000, 0x000000008b600000|  0%| F|  |TAMS 0x000000008b500000, 0x000000008b500000| Untracked 
|  94|0x000000008b600000, 0x000000008b600000, 0x000000008b700000|  0%| F|  |TAMS 0x000000008b600000, 0x000000008b600000| Untracked 
|  95|0x000000008b700000, 0x000000008b700000, 0x000000008b800000|  0%| F|  |TAMS 0x000000008b700000, 0x000000008b700000| Untracked 
|  96|0x000000008b800000, 0x000000008b800000, 0x000000008b900000|  0%| F|  |TAMS 0x000000008b800000, 0x000000008b800000| Untracked 
|  97|0x000000008b900000, 0x000000008b900000, 0x000000008ba00000|  0%| F|  |TAMS 0x000000008b900000, 0x000000008b900000| Untracked 
|  98|0x000000008ba00000, 0x000000008ba00000, 0x000000008bb00000|  0%| F|  |TAMS 0x000000008ba00000, 0x000000008ba00000| Untracked 
|  99|0x000000008bb00000, 0x000000008bb00000, 0x000000008bc00000|  0%| F|  |TAMS 0x000000008bb00000, 0x000000008bb00000| Untracked 
| 100|0x000000008bc00000, 0x000000008bc00000, 0x000000008bd00000|  0%| F|  |TAMS 0x000000008bc00000, 0x000000008bc00000| Untracked 
| 101|0x000000008bd00000, 0x000000008bd00000, 0x000000008be00000|  0%| F|  |TAMS 0x000000008bd00000, 0x000000008bd00000| Untracked 
| 102|0x000000008be00000, 0x000000008be00000, 0x000000008bf00000|  0%| F|  |TAMS 0x000000008be00000, 0x000000008be00000| Untracked 
| 103|0x000000008bf00000, 0x000000008bf00000, 0x000000008c000000|  0%| F|  |TAMS 0x000000008bf00000, 0x000000008bf00000| Untracked 
| 104|0x000000008c000000, 0x000000008c000000, 0x000000008c100000|  0%| F|  |TAMS 0x000000008c000000, 0x000000008c000000| Untracked 
| 105|0x000000008c100000, 0x000000008c100000, 0x000000008c200000|  0%| F|  |TAMS 0x000000008c100000, 0x000000008c100000| Untracked 
| 106|0x000000008c200000, 0x000000008c200000, 0x000000008c300000|  0%| F|  |TAMS 0x000000008c200000, 0x000000008c200000| Untracked 
| 107|0x000000008c300000, 0x000000008c300000, 0x000000008c400000|  0%| F|  |TAMS 0x000000008c300000, 0x000000008c300000| Untracked 
| 108|0x000000008c400000, 0x000000008c400000, 0x000000008c500000|  0%| F|  |TAMS 0x000000008c400000, 0x000000008c400000| Untracked 
| 109|0x000000008c500000, 0x000000008c500000, 0x000000008c600000|  0%| F|  |TAMS 0x000000008c500000, 0x000000008c500000| Untracked 
| 110|0x000000008c600000, 0x000000008c600000, 0x000000008c700000|  0%| F|  |TAMS 0x000000008c600000, 0x000000008c600000| Untracked 
| 111|0x000000008c700000, 0x000000008c700000, 0x000000008c800000|  0%| F|  |TAMS 0x000000008c700000, 0x000000008c700000| Untracked 
| 112|0x000000008c800000, 0x000000008c800000, 0x000000008c900000|  0%| F|  |TAMS 0x000000008c800000, 0x000000008c800000| Untracked 
| 113|0x000000008c900000, 0x000000008c900000, 0x000000008ca00000|  0%| F|  |TAMS 0x000000008c900000, 0x000000008c900000| Untracked 
| 114|0x000000008ca00000, 0x000000008ca00000, 0x000000008cb00000|  0%| F|  |TAMS 0x000000008ca00000, 0x000000008ca00000| Untracked 
| 115|0x000000008cb00000, 0x000000008cb00000, 0x000000008cc00000|  0%| F|  |TAMS 0x000000008cb00000, 0x000000008cb00000| Untracked 
| 116|0x000000008cc00000, 0x000000008cc00000, 0x000000008cd00000|  0%| F|  |TAMS 0x000000008cc00000, 0x000000008cc00000| Untracked 
| 117|0x000000008cd00000, 0x000000008cd00000, 0x000000008ce00000|  0%| F|  |TAMS 0x000000008cd00000, 0x000000008cd00000| Untracked 
| 118|0x000000008ce00000, 0x000000008ce00000, 0x000000008cf00000|  0%| F|  |TAMS 0x000000008ce00000, 0x000000008ce00000| Untracked 
| 119|0x000000008cf00000, 0x000000008cf00000, 0x000000008d000000|  0%| F|  |TAMS 0x000000008cf00000, 0x000000008cf00000| Untracked 
| 120|0x000000008d000000, 0x000000008d000000, 0x000000008d100000|  0%| F|  |TAMS 0x000000008d000000, 0x000000008d000000| Untracked 
| 121|0x000000008d100000, 0x000000008d12e360, 0x000000008d200000| 18%| E|  |TAMS 0x000000008d100000, 0x000000008d100000| Complete 
| 122|0x000000008d200000, 0x000000008d2ec090, 0x000000008d300000| 92%| E|  |TAMS 0x000000008d200000, 0x000000008d200000| Complete 
| 123|0x000000008d300000, 0x000000008d400000, 0x000000008d400000|100%| E|CS|TAMS 0x000000008d300000, 0x000000008d300000| Complete 

Card table byte_map: [0x0000020176f00000,0x00000201772e0000] _byte_map_base: 0x0000020176ad4000

Marking Bits (Prev, Next): (CMBitMap*) 0x0000020163623020, (CMBitMap*) 0x0000020163623060
 Prev Bits: [0x00000201776c0000, 0x0000020179560000)
 Next Bits: [0x0000020179560000, 0x000002017b400000)

Polling page: 0x0000020161d20000

Metaspace:

Usage:
  Non-class:      5.18 MB used.
      Class:    482.16 KB used.
       Both:      5.65 MB used.

Virtual space:
  Non-class space:        8.00 MB reserved,       5.25 MB ( 66%) committed,  1 nodes.
      Class space:        1.00 GB reserved,     512.00 KB ( <1%) committed,  1 nodes.
             Both:        1.01 GB reserved,       5.75 MB ( <1%) committed. 

Chunk freelists:
   Non-Class:  2.49 MB
       Class:  3.52 MB
        Both:  6.01 MB

MaxMetaspaceSize: unlimited
CompressedClassSpaceSize: 1.00 GB
Initial GC threshold: 21.00 MB
Current GC threshold: 21.00 MB
CDS: off
MetaspaceReclaimPolicy: balanced
 - commit_granule_bytes: 65536.
 - commit_granule_words: 8192.
 - virtual_space_node_default_size: 1048576.
 - enlarge_chunks_in_place: 1.
 - new_chunks_are_fully_committed: 0.
 - uncommit_free_chunks: 1.
 - use_allocation_guard: 0.
 - handle_deallocations: 1.


Internal statistics:

num_allocs_failed_limit: 0.
num_arena_births: 6.
num_arena_deaths: 0.
num_vsnodes_births: 2.
num_vsnodes_deaths: 0.
num_space_committed: 92.
num_space_uncommitted: 0.
num_chunks_returned_to_freelist: 0.
num_chunks_taken_from_freelist: 15.
num_chunk_merges: 0.
num_chunk_splits: 6.
num_chunks_enlarged: 2.
num_purges: 0.
num_inconsistent_stats: 0.

CodeHeap 'non-profiled nmethods': size=120000Kb used=35Kb max_used=35Kb free=119964Kb
 bounds [0x000002016eb80000, 0x000002016edf0000, 0x00000201760b0000]
CodeHeap 'profiled nmethods': size=120000Kb used=206Kb max_used=206Kb free=119793Kb
 bounds [0x0000020167650000, 0x00000201678c0000, 0x000002016eb80000]
CodeHeap 'non-nmethods': size=5760Kb used=1093Kb max_used=1093Kb free=4666Kb
 bounds [0x00000201670b0000, 0x0000020167320000, 0x0000020167650000]
 total_blobs=505 nmethods=139 adapters=279
 compilation: enabled
              stopped_count=0, restarted_count=0
 full_count=0

Compilation events (20 events):
Event: 0.092 Thread 0x000002017e8470e0   82       3       java.util.zip.ZipFile$Source::zipCoderForPos (39 bytes)
Event: 0.092 Thread 0x000002017e841f30 nmethod 78 0x000002016eb83290 code [0x000002016eb83400, 0x000002016eb834b8]
Event: 0.092 Thread 0x000002017e841f30   90 %     4       java.util.zip.ZipCoder$UTF8ZipCoder::checkedHash @ 14 (91 bytes)
Event: 0.092 Thread 0x000002017e8470e0 nmethod 82 0x0000020167669b90 code [0x0000020167669d60, 0x000002016766a148]
Event: 0.092 Thread 0x000002017e8470e0   83       3       java.util.zip.ZipUtils::CENFLG (9 bytes)
Event: 0.092 Thread 0x000002017e8470e0 nmethod 83 0x000002016766a310 code [0x000002016766a4a0, 0x000002016766a658]
Event: 0.092 Thread 0x000002017e8470e0   84       3       java.util.zip.ZipUtils::CENCOM (9 bytes)
Event: 0.092 Thread 0x000002017e8470e0 nmethod 84 0x000002016766a790 code [0x000002016766a920, 0x000002016766aad8]
Event: 0.092 Thread 0x000002017e8470e0   89       3       java.util.zip.ZipFile$Source::nextEntryPos (22 bytes)
Event: 0.092 Thread 0x000002017e8470e0 nmethod 89 0x000002016766ac10 code [0x000002016766adc0, 0x000002016766b0f8]
Event: 0.092 Thread 0x000002017e8470e0   85       3       java.util.zip.ZipUtils::CENEXT (9 bytes)
Event: 0.092 Thread 0x000002017e8470e0 nmethod 85 0x000002016766b290 code [0x000002016766b420, 0x000002016766b5d8]
Event: 0.092 Thread 0x000002017e8470e0   86   !   3       java.util.zip.ZipFile$Source::checkAndAddEntry (209 bytes)
Event: 0.093 Thread 0x000002017e8470e0 nmethod 86 0x000002016766b710 code [0x000002016766ba80, 0x000002016766ce28]
Event: 0.093 Thread 0x000002017e8470e0   87       3       java.util.zip.ZipUtils::CENSIG (8 bytes)
Event: 0.093 Thread 0x000002017e8470e0 nmethod 87 0x000002016766d990 code [0x000002016766db40, 0x000002016766de18]
Event: 0.093 Thread 0x000002017e8470e0   88       3       java.util.zip.ZipFile$Source::isMetaName (141 bytes)
Event: 0.093 Thread 0x000002017e8470e0 nmethod 88 0x000002016766df90 code [0x000002016766e140, 0x000002016766e658]
Event: 0.094 Thread 0x000002017e841f30 nmethod 90% 0x000002016eb83590 code [0x000002016eb83720, 0x000002016eb83a38]
Event: 0.094 Thread 0x000002017e841f30   93   !   4       java.util.zip.ZipFile$Source::checkAndAddEntry (209 bytes)

GC Heap History (0 events):
No events

Deoptimization events (20 events):
Event: 0.097 Thread 0x00000201635c8be0 DEOPT PACKING pc=0x0000020167668a0c sp=0x000000a35d0fa5c0
Event: 0.097 Thread 0x00000201635c8be0 DEOPT UNPACKING pc=0x0000020167102b43 sp=0x000000a35d0f9a50 mode 0
Event: 0.097 Thread 0x00000201635c8be0 DEOPT PACKING pc=0x0000020167668a0c sp=0x000000a35d0fa5c0
Event: 0.097 Thread 0x00000201635c8be0 DEOPT UNPACKING pc=0x0000020167102b43 sp=0x000000a35d0f9a50 mode 0
Event: 0.097 Thread 0x00000201635c8be0 DEOPT PACKING pc=0x0000020167668a0c sp=0x000000a35d0fa5c0
Event: 0.097 Thread 0x00000201635c8be0 DEOPT UNPACKING pc=0x0000020167102b43 sp=0x000000a35d0f9a50 mode 0
Event: 0.097 Thread 0x00000201635c8be0 DEOPT PACKING pc=0x0000020167668a0c sp=0x000000a35d0fa5c0
Event: 0.097 Thread 0x00000201635c8be0 DEOPT UNPACKING pc=0x0000020167102b43 sp=0x000000a35d0f9a50 mode 0
Event: 0.097 Thread 0x00000201635c8be0 DEOPT PACKING pc=0x0000020167668a0c sp=0x000000a35d0fa5c0
Event: 0.097 Thread 0x00000201635c8be0 DEOPT UNPACKING pc=0x0000020167102b43 sp=0x000000a35d0f9a50 mode 0
Event: 0.097 Thread 0x00000201635c8be0 DEOPT PACKING pc=0x0000020167668a0c sp=0x000000a35d0fa5c0
Event: 0.097 Thread 0x00000201635c8be0 DEOPT UNPACKING pc=0x0000020167102b43 sp=0x000000a35d0f9a50 mode 0
Event: 0.097 Thread 0x00000201635c8be0 DEOPT PACKING pc=0x0000020167668a0c sp=0x000000a35d0fa5c0
Event: 0.097 Thread 0x00000201635c8be0 DEOPT UNPACKING pc=0x0000020167102b43 sp=0x000000a35d0f9a50 mode 0
Event: 0.097 Thread 0x00000201635c8be0 DEOPT PACKING pc=0x0000020167668a0c sp=0x000000a35d0fa5c0
Event: 0.097 Thread 0x00000201635c8be0 DEOPT UNPACKING pc=0x0000020167102b43 sp=0x000000a35d0f9a50 mode 0
Event: 0.097 Thread 0x00000201635c8be0 DEOPT PACKING pc=0x0000020167668a0c sp=0x000000a35d0fa5c0
Event: 0.097 Thread 0x00000201635c8be0 DEOPT UNPACKING pc=0x0000020167102b43 sp=0x000000a35d0f9a50 mode 0
Event: 0.097 Thread 0x00000201635c8be0 DEOPT PACKING pc=0x0000020167668a0c sp=0x000000a35d0fa5c0
Event: 0.097 Thread 0x00000201635c8be0 DEOPT UNPACKING pc=0x0000020167102b43 sp=0x000000a35d0f9a50 mode 0

Classes unloaded (0 events):
No events

Classes redefined (0 events):
No events

Internal exceptions (0 events):
No events

VM Operations (0 events):
No events

Events (20 events):
Event: 0.082 loading class java/lang/PublicMethods$MethodList
Event: 0.082 loading class java/lang/PublicMethods$MethodList done
Event: 0.082 loading class java/lang/PublicMethods$Key
Event: 0.082 loading class java/lang/PublicMethods$Key done
Event: 0.082 loading class java/lang/Void
Event: 0.082 loading class java/lang/Void done
Event: 0.096 loading class java/util/TreeSet
Event: 0.096 loading class java/util/NavigableSet
Event: 0.096 loading class java/util/SortedSet
Event: 0.096 loading class java/util/SortedSet done
Event: 0.096 loading class java/util/NavigableSet done
Event: 0.096 loading class java/util/TreeSet done
Event: 0.096 loading class java/util/TreeMap
Event: 0.096 loading class java/util/NavigableMap
Event: 0.096 loading class java/util/SortedMap
Event: 0.096 loading class java/util/SortedMap done
Event: 0.096 loading class java/util/NavigableMap done
Event: 0.096 loading class java/util/TreeMap done
Event: 0.096 loading class java/util/TreeMap$Entry
Event: 0.096 loading class java/util/TreeMap$Entry done


Dynamic libraries:
0x00007ff774fe0000 - 0x00007ff774fea000 	D:\pycharm\PyCharm Community Edition 2022.2\jbr\bin\java.exe
0x00007fff39630000 - 0x00007fff39824000 	C:\Windows\SYSTEM32\ntdll.dll
0x00007fff39400000 - 0x00007fff394bd000 	C:\Windows\System32\KERNEL32.DLL
0x00007fff36e80000 - 0x00007fff37147000 	C:\Windows\System32\KERNELBASE.dll
0x00007fff36d80000 - 0x00007fff36e80000 	C:\Windows\System32\ucrtbase.dll
0x00007fff06dc0000 - 0x00007fff06dd7000 	D:\pycharm\PyCharm Community Edition 2022.2\jbr\bin\jli.dll
0x00007fff00e40000 - 0x00007fff00e5b000 	D:\pycharm\PyCharm Community Edition 2022.2\jbr\bin\VCRUNTIME140.dll
0x00007fff37b20000 - 0x00007fff37cc0000 	C:\Windows\System32\USER32.dll
0x00007fff371a0000 - 0x00007fff371c2000 	C:\Windows\System32\win32u.dll
0x00007fff1b4e0000 - 0x00007fff1b77a000 	C:\Windows\WinSxS\amd64_microsoft.windows.common-controls_6595b64144ccf1df_6.0.19041.1_none_b555e41d4684ddec\COMCTL32.dll
0x00007fff39530000 - 0x00007fff3955a000 	C:\Windows\System32\GDI32.dll
0x00007fff37f20000 - 0x00007fff37fbe000 	C:\Windows\System32\msvcrt.dll
0x00007fff37360000 - 0x00007fff37469000 	C:\Windows\System32\gdi32full.dll
0x00007fff37600000 - 0x00007fff3769d000 	C:\Windows\System32\msvcp_win.dll
0x00007fff395c0000 - 0x00007fff395f0000 	C:\Windows\System32\IMM32.DLL
0x0000000065570000 - 0x000000006557c000 	C:\Program Files (x86)\360\360Safe\safemon\SafeWrapper.dll
0x00007fff39350000 - 0x00007fff393fa000 	C:\Windows\System32\ADVAPI32.dll
0x00007fff37710000 - 0x00007fff377ab000 	C:\Windows\System32\sechost.dll
0x00007fff39220000 - 0x00007fff39343000 	C:\Windows\System32\RPCRT4.dll
0x00007fff36ae0000 - 0x00007fff36b1e000 	C:\Program Files (x86)\360\360Safe\safemon\capid64.dll
0x00007fff376b0000 - 0x00007fff37705000 	C:\Windows\System32\SHLWAPI.dll
0x00007fff1d5b0000 - 0x00007fff1d5bc000 	D:\pycharm\PyCharm Community Edition 2022.2\jbr\bin\vcruntime140_1.dll
0x00007ffef51f0000 - 0x00007ffef527d000 	D:\pycharm\PyCharm Community Edition 2022.2\jbr\bin\msvcp140.dll
0x00007ffec6950000 - 0x00007ffec75b8000 	D:\pycharm\PyCharm Community Edition 2022.2\jbr\bin\server\jvm.dll
0x00007fff376a0000 - 0x00007fff376a8000 	C:\Windows\System32\PSAPI.DLL
0x00007fff20300000 - 0x00007fff20327000 	C:\Windows\SYSTEM32\WINMM.dll
0x00007fff2c4a0000 - 0x00007fff2c4aa000 	C:\Windows\SYSTEM32\VERSION.dll
0x00007fff1d150000 - 0x00007fff1d159000 	C:\Windows\SYSTEM32\WSOCK32.dll
0x00007fff394c0000 - 0x00007fff3952b000 	C:\Windows\System32\WS2_32.dll
0x00007fff35930000 - 0x00007fff35943000 	C:\Windows\SYSTEM32\kernel.appcore.dll
0x00007fff29d60000 - 0x00007fff29d6a000 	D:\pycharm\PyCharm Community Edition 2022.2\jbr\bin\jimage.dll
0x00007fff351c0000 - 0x00007fff353a4000 	C:\Windows\SYSTEM32\DBGHELP.DLL
0x00007fff1b8f0000 - 0x00007fff1b91c000 	C:\Windows\SYSTEM32\dbgcore.DLL
0x00007fff371d0000 - 0x00007fff3724f000 	C:\Windows\System32\bcryptPrimitives.dll
0x00007fff07e80000 - 0x00007fff07ea5000 	D:\pycharm\PyCharm Community Edition 2022.2\jbr\bin\java.dll
0x00007fff28bf0000 - 0x00007fff28c08000 	D:\pycharm\PyCharm Community Edition 2022.2\jbr\bin\zip.dll
0x00007fff38ae0000 - 0x00007fff39211000 	C:\Windows\System32\SHELL32.dll
0x00007fff340e0000 - 0x00007fff3486a000 	C:\Windows\SYSTEM32\windows.storage.dll
0x00007fff38050000 - 0x00007fff383a4000 	C:\Windows\System32\combase.dll
0x00007fff367c0000 - 0x00007fff367eb000 	C:\Windows\SYSTEM32\Wldp.dll
0x00007fff37cc0000 - 0x00007fff37d6e000 	C:\Windows\System32\SHCORE.dll
0x00007fff36cc0000 - 0x00007fff36cdf000 	C:\Windows\SYSTEM32\profapi.dll
0x00007fff132a0000 - 0x00007fff132b9000 	D:\pycharm\PyCharm Community Edition 2022.2\jbr\bin\net.dll
0x00007fff2a3d0000 - 0x00007fff2a4d0000 	C:\Windows\SYSTEM32\WINHTTP.dll
0x00007fff36540000 - 0x00007fff365aa000 	C:\Windows\system32\mswsock.dll
0x00007fff10f20000 - 0x00007fff10f36000 	D:\pycharm\PyCharm Community Edition 2022.2\jbr\bin\nio.dll
0x00007fff29110000 - 0x00007fff29120000 	D:\pycharm\PyCharm Community Edition 2022.2\jbr\bin\verify.dll

dbghelp: loaded successfully - version: 4.0.5 - missing functions: none
symbol engine: initialized successfully - sym options: 0x614 - pdb path: .;D:\pycharm\PyCharm Community Edition 2022.2\jbr\bin;C:\Windows\SYSTEM32;C:\Windows\WinSxS\amd64_microsoft.windows.common-controls_6595b64144ccf1df_6.0.19041.1_none_b555e41d4684ddec;C:\Program Files (x86)\360\360Safe\safemon;D:\pycharm\PyCharm Community Edition 2022.2\jbr\bin\server

VM Arguments:
java_command: git4idea.http.GitAskPassApp Username for 'http://172.16.1.82': 
java_class_path (initial): D:/pycharm/PyCharm Community Edition 2022.2/plugins/git4idea/lib/git4idea-rt.jar;D:/pycharm/PyCharm Community Edition 2022.2/lib/externalProcess-rt.jar;D:/pycharm/PyCharm Community Edition 2022.2/lib/app.jar;D:/pycharm/PyCharm Community Edition 2022.2/lib/3rd-party-rt.jar
Launcher Type: SUN_STANDARD

[Global flags]
     intx CICompilerCount                          = 4                                         {product} {ergonomic}
     uint ConcGCThreads                            = 2                                         {product} {ergonomic}
     uint G1ConcRefinementThreads                  = 8                                         {product} {ergonomic}
   size_t G1HeapRegionSize                         = 1048576                                   {product} {ergonomic}
    uintx GCDrainStackTargetSize                   = 64                                        {product} {ergonomic}
   size_t InitialHeapSize                          = 130023424                                 {product} {ergonomic}
   size_t MarkStackSize                            = 4194304                                   {product} {ergonomic}
   size_t MaxHeapSize                              = 2055208960                                {product} {ergonomic}
   size_t MaxNewSize                               = 1233125376                                {product} {ergonomic}
   size_t MinHeapDeltaBytes                        = 1048576                                   {product} {ergonomic}
   size_t MinHeapSize                              = 8388608                                   {product} {ergonomic}
    uintx NonNMethodCodeHeapSize                   = 5839372                                {pd product} {ergonomic}
    uintx NonProfiledCodeHeapSize                  = 122909434                              {pd product} {ergonomic}
    uintx ProfiledCodeHeapSize                     = 122909434                              {pd product} {ergonomic}
    uintx ReservedCodeCacheSize                    = 251658240                              {pd product} {ergonomic}
     bool SegmentedCodeCache                       = true                                      {product} {ergonomic}
   size_t SoftMaxHeapSize                          = 2055208960                             {manageable} {ergonomic}
     bool UseCompressedClassPointers               = true                           {product lp64_product} {ergonomic}
     bool UseCompressedOops                        = true                           {product lp64_product} {ergonomic}
     bool UseG1GC                                  = true                                      {product} {ergonomic}
     bool UseLargePagesIndividualAllocation        = false                                  {pd product} {ergonomic}

Logging:
Log output configuration:
 #0: stdout all=warning uptime,level,tags
 #1: stderr all=off uptime,level,tags

Environment Variables:
JAVA_HOME=D:\jdk_environment\jdk1.8
CLASSPATH=.;JAVA_HOME%\lib;D:\jdk_environment\jdk1.8\lib\dt.jar;D:\jdk_environment\jdk1.8\lib\tools.jar;D:\jemeter\lib\ext\ApacheJMeter_core.jar;D:\jemeter\lib\jorphan.jar;D:\jemeter\lib/logkit-2.0.jar;
PATH=D:\git\Git\mingw64\libexec\git-core;D:\git\Git\mingw64\libexec\git-core;D:\git\Git\mingw64\bin;D:\git\Git\usr\bin;C:\Users\lyle_zhang\bin;D:\python\Scripts;D:\python;C:\ProgramData\Oracle\Java\javapath;C:\Windows\system32;C:\Windows;C:\Windows\System32\Wbem;C:\Windows\System32\WindowsPowerShell\v1.0;C:\Windows\System32\OpenSSH;D:\SVN\bin;D:\python;D:\jdk_environment\jdk1.8\bin;D:\jdk_environment\jdk1.8-jre\bin;D:\python\Lib\site-packages\allure-2.20.1\bin;D:\git\Git\cmd;C:\Users\lyle_zhang\AppData\Local\Microsoft\WindowsApps;C:\program files\esafenet\cobra docguard client;D:\pycharm\PyCharm Community Edition 2022.2\bin;D:\jemeter\lib\ext\ApacheJMeter_core.jar;D:\jemeter\lib\jorphan.jar;D:\jdk_environment\jdk1.8\bin;D:\python\Lib\site-packages\allure-2.20.1\bin;D:\vscode\Microsoft VS Code\bin;D:\git\Git\usr\bin;D:\git\Git\mingw64\libexec\git-core
USERNAME=lyle_zhang
DISPLAY=:0.0
LC_ALL=en_US.UTF-8
OS=Windows_NT
PROCESSOR_IDENTIFIER=Intel64 Family 6 Model 165 Stepping 3, GenuineIntel



---------------  S Y S T E M  ---------------

OS:
 Windows 10 , 64 bit Build 19041 (10.0.19041.207)
OS uptime: 22 days 5:34 hours

CPU: total 8 (initial active 8) (4 cores per cpu, 2 threads per core) family 6 model 165 stepping 3 microcode 0xea, cx8, cmov, fxsr, ht, mmx, 3dnowpref, sse, sse2, sse3, ssse3, sse4.1, sse4.2, popcnt, lzcnt, tsc, tscinvbit, avx, avx2, aes, erms, clmul, bmi1, bmi2, adx, fma, vzeroupper, clflush, clflushopt

Memory: 4k page, system-wide physical 7834M (667M free)
TotalPageFile size 31386M (AvailPageFile size 2M)
current process WorkingSet (physical memory assigned to process): 45M, peak: 45M
current process commit charge ("private bytes"): 202M, peak: 202M

vm_info: OpenJDK 64-Bit Server VM (17.0.3+7-b469.32) for windows-amd64 JRE (17.0.3+7-b469.32), built on 2022-07-19 by "builduser" with MS VC++ 16.10 / 16.11 (VS2019)

END.
