#
# There is insufficient memory for the Java Runtime Environment to continue.
# Native memory allocation (mmap) failed to map 130023424 bytes for G1 virtual space
# Possible reasons:
#   The system is out of physical RAM or swap space
#   The process is running with CompressedOops enabled, and the Java Heap may be blocking the growth of the native heap
# Possible solutions:
#   Reduce memory load on the system
#   Increase physical memory or swap space
#   Check if swap backing store is full
#   Decrease Java heap size (-Xmx/-Xms)
#   Decrease number of Java threads
#   Decrease Java thread stack sizes (-Xss)
#   Set larger code cache with -XX:ReservedCodeCacheSize=
#   JVM is running with Unscaled Compressed Oops mode in which the Java heap is
#     placed in the first 4GB address space. The Java Heap base address is the
#     maximum limit for the native heap growth. Please use -XX:HeapBaseMinAddress
#     to set the Java Heap base and to place the Java Heap above 4GB virtual address.
# This output file may be truncated or incomplete.
#
#  Out of Memory Error (os_windows.cpp:3747), pid=52584, tid=6172
#
# JRE version:  (17.0.3+7) (build )
# Java VM: OpenJDK 64-Bit Server VM (17.0.3+7-b469.32, mixed mode, sharing, tiered, compressed oops, compressed class ptrs, g1 gc, windows-amd64)
# No core dump will be written. Minidumps are not enabled by default on client versions of Windows
#

---------------  S U M M A R Y ------------

Command Line: git4idea.http.GitAskPassApp Username for 'http://172.16.1.82': 

Host: Intel(R) Core(TM) i3-10105 CPU @ 3.70GHz, 8 cores, 7G,  Windows 10 , 64 bit Build 19041 (10.0.19041.207)
Time: Tue Nov 26 15:15:37 2024  Windows 10 , 64 bit Build 19041 (10.0.19041.207) elapsed time: 0.008788 seconds (0d 0h 0m 0s)

---------------  T H R E A D  ---------------

Current thread (0x0000023b3c997550):  JavaThread "Unknown thread" [_thread_in_vm, id=6172, stack(0x000000b9cb600000,0x000000b9cb700000)]

Stack: [0x000000b9cb600000,0x000000b9cb700000]
Native frames: (J=compiled Java code, j=interpreted, Vv=VM code, C=native code)
V  [jvm.dll+0x681f8a]
V  [jvm.dll+0x83e374]
V  [jvm.dll+0x83fb1e]
V  [jvm.dll+0x840183]
V  [jvm.dll+0x2492a5]
V  [jvm.dll+0x67ee59]
V  [jvm.dll+0x67355a]
V  [jvm.dll+0x308fab]
V  [jvm.dll+0x310466]
V  [jvm.dll+0x3601de]
V  [jvm.dll+0x36040f]
V  [jvm.dll+0x2df098]
V  [jvm.dll+0x2e0004]
V  [jvm.dll+0x80fc61]
V  [jvm.dll+0x36df61]
V  [jvm.dll+0x7ef17c]
V  [jvm.dll+0x3f10ef]
V  [jvm.dll+0x3f2c31]
C  [jli.dll+0x526b]
C  [ucrtbase.dll+0x21542]
C  [KERNEL32.DLL+0x16fd4]
C  [ntdll.dll+0x4cec1]


---------------  P R O C E S S  ---------------

Threads class SMR info:
_java_thread_list=0x00007ffec7486f18, length=0, elements={
}

Java Threads: ( => current thread )

Other Threads:
  0x0000023b3c9efe10 GCTaskThread "GC Thread#0" [stack: 0x000000b9cb700000,0x000000b9cb800000] [id=48448]
  0x0000023b3ca00250 ConcurrentGCThread "G1 Main Marker" [stack: 0x000000b9cb800000,0x000000b9cb900000] [id=51992]
  0x0000023b3ca01400 ConcurrentGCThread "G1 Conc#0" [stack: 0x000000b9cb900000,0x000000b9cba00000] [id=54244]

[error occurred during error reporting (printing all threads), id 0xc0000005, EXCEPTION_ACCESS_VIOLATION (0xc0000005) at pc=0x00007ffec6c3fc57]

VM state: not at safepoint (not fully initialized)

VM Mutex/Monitor currently owned by a thread:  ([mutex/lock_event])
[0x0000023b3c991090] Heap_lock - owner thread: 0x0000023b3c997550

Heap address: 0x0000000085800000, size: 1960 MB, Compressed Oops mode: 32-bit

CDS archive(s) mapped at: [0x0000000000000000-0x0000000000000000-0x0000000000000000), size 0, SharedBaseAddress: 0x0000000800000000, ArchiveRelocationMode: 0.
Narrow klass base: 0x0000000000000000, Narrow klass shift: 0, Narrow klass range: 0x0

GC Precious Log:
<Empty>

Heap:
 garbage-first heap   total 0K, used 0K [0x0000000085800000, 0x0000000100000000)
  region size 1024K, 0 young (0K), 0 survivors (0K)

[error occurred during error reporting (printing heap information), id 0xc0000005, EXCEPTION_ACCESS_VIOLATION (0xc0000005) at pc=0x00007ffec702bbd9]

GC Heap History (0 events):
No events

Deoptimization events (0 events):
No events

Classes unloaded (0 events):
No events

Classes redefined (0 events):
No events

Internal exceptions (0 events):
No events

VM Operations (0 events):
No events

Events (1 events):
Event: 0.005 Loaded shared library D:\pycharm\PyCharm Community Edition 2022.2\jbr\bin\java.dll


Dynamic libraries:
0x00007ff75ab20000 - 0x00007ff75ab2a000 	D:\pycharm\PyCharm Community Edition 2022.2\jbr\bin\java.exe
0x00007fff39630000 - 0x00007fff39824000 	C:\Windows\SYSTEM32\ntdll.dll
0x00007fff39400000 - 0x00007fff394bd000 	C:\Windows\System32\KERNEL32.DLL
0x00007fff36e80000 - 0x00007fff37147000 	C:\Windows\System32\KERNELBASE.dll
0x00007fff36d80000 - 0x00007fff36e80000 	C:\Windows\System32\ucrtbase.dll
0x00007fff06dc0000 - 0x00007fff06dd7000 	D:\pycharm\PyCharm Community Edition 2022.2\jbr\bin\jli.dll
0x00007ffefaf30000 - 0x00007ffefaf4b000 	D:\pycharm\PyCharm Community Edition 2022.2\jbr\bin\VCRUNTIME140.dll
0x00007fff37b20000 - 0x00007fff37cc0000 	C:\Windows\System32\USER32.dll
0x00007fff371a0000 - 0x00007fff371c2000 	C:\Windows\System32\win32u.dll
0x00007fff39530000 - 0x00007fff3955a000 	C:\Windows\System32\GDI32.dll
0x00007fff1b4e0000 - 0x00007fff1b77a000 	C:\Windows\WinSxS\amd64_microsoft.windows.common-controls_6595b64144ccf1df_6.0.19041.1_none_b555e41d4684ddec\COMCTL32.dll
0x00007fff37360000 - 0x00007fff37469000 	C:\Windows\System32\gdi32full.dll
0x00007fff37f20000 - 0x00007fff37fbe000 	C:\Windows\System32\msvcrt.dll
0x00007fff37600000 - 0x00007fff3769d000 	C:\Windows\System32\msvcp_win.dll
0x00007fff395c0000 - 0x00007fff395f0000 	C:\Windows\System32\IMM32.DLL
0x0000000065570000 - 0x000000006557c000 	C:\Program Files (x86)\360\360Safe\safemon\SafeWrapper.dll
0x00007fff39350000 - 0x00007fff393fa000 	C:\Windows\System32\ADVAPI32.dll
0x00007fff37710000 - 0x00007fff377ab000 	C:\Windows\System32\sechost.dll
0x00007fff39220000 - 0x00007fff39343000 	C:\Windows\System32\RPCRT4.dll
0x00007fff36ae0000 - 0x00007fff36b1e000 	C:\Program Files (x86)\360\360Safe\safemon\capid64.dll
0x00007fff376b0000 - 0x00007fff37705000 	C:\Windows\System32\SHLWAPI.dll
0x00007fff1d5b0000 - 0x00007fff1d5bc000 	D:\pycharm\PyCharm Community Edition 2022.2\jbr\bin\vcruntime140_1.dll
0x00007ffef55e0000 - 0x00007ffef566d000 	D:\pycharm\PyCharm Community Edition 2022.2\jbr\bin\msvcp140.dll
0x00007ffec6950000 - 0x00007ffec75b8000 	D:\pycharm\PyCharm Community Edition 2022.2\jbr\bin\server\jvm.dll
0x00007fff376a0000 - 0x00007fff376a8000 	C:\Windows\System32\PSAPI.DLL
0x00007fff1d150000 - 0x00007fff1d159000 	C:\Windows\SYSTEM32\WSOCK32.dll
0x00007fff20300000 - 0x00007fff20327000 	C:\Windows\SYSTEM32\WINMM.dll
0x00007fff2c4a0000 - 0x00007fff2c4aa000 	C:\Windows\SYSTEM32\VERSION.dll
0x00007fff394c0000 - 0x00007fff3952b000 	C:\Windows\System32\WS2_32.dll
0x00007fff35930000 - 0x00007fff35943000 	C:\Windows\SYSTEM32\kernel.appcore.dll
0x00007fff29d60000 - 0x00007fff29d6a000 	D:\pycharm\PyCharm Community Edition 2022.2\jbr\bin\jimage.dll
0x00007fff351c0000 - 0x00007fff353a4000 	C:\Windows\SYSTEM32\DBGHELP.DLL
0x00007fff1b8f0000 - 0x00007fff1b91c000 	C:\Windows\SYSTEM32\dbgcore.DLL
0x00007fff371d0000 - 0x00007fff3724f000 	C:\Windows\System32\bcryptPrimitives.dll
0x00007fff07e80000 - 0x00007fff07ea5000 	D:\pycharm\PyCharm Community Edition 2022.2\jbr\bin\java.dll

dbghelp: loaded successfully - version: 4.0.5 - missing functions: none
symbol engine: initialized successfully - sym options: 0x614 - pdb path: .;D:\pycharm\PyCharm Community Edition 2022.2\jbr\bin;C:\Windows\SYSTEM32;C:\Windows\WinSxS\amd64_microsoft.windows.common-controls_6595b64144ccf1df_6.0.19041.1_none_b555e41d4684ddec;C:\Program Files (x86)\360\360Safe\safemon;D:\pycharm\PyCharm Community Edition 2022.2\jbr\bin\server

VM Arguments:
java_command: git4idea.http.GitAskPassApp Username for 'http://172.16.1.82': 
java_class_path (initial): D:/pycharm/PyCharm Community Edition 2022.2/plugins/git4idea/lib/git4idea-rt.jar;D:/pycharm/PyCharm Community Edition 2022.2/lib/externalProcess-rt.jar;D:/pycharm/PyCharm Community Edition 2022.2/lib/app.jar;D:/pycharm/PyCharm Community Edition 2022.2/lib/3rd-party-rt.jar
Launcher Type: SUN_STANDARD

[Global flags]
     intx CICompilerCount                          = 4                                         {product} {ergonomic}
     uint ConcGCThreads                            = 2                                         {product} {ergonomic}
     uint G1ConcRefinementThreads                  = 8                                         {product} {ergonomic}
   size_t G1HeapRegionSize                         = 1048576                                   {product} {ergonomic}
    uintx GCDrainStackTargetSize                   = 64                                        {product} {ergonomic}
   size_t InitialHeapSize                          = 130023424                                 {product} {ergonomic}
   size_t MarkStackSize                            = 4194304                                   {product} {ergonomic}
   size_t MaxHeapSize                              = 2055208960                                {product} {ergonomic}
   size_t MinHeapDeltaBytes                        = 1048576                                   {product} {ergonomic}
   size_t MinHeapSize                              = 8388608                                   {product} {ergonomic}
    uintx NonNMethodCodeHeapSize                   = 5839372                                {pd product} {ergonomic}
    uintx NonProfiledCodeHeapSize                  = 122909434                              {pd product} {ergonomic}
    uintx ProfiledCodeHeapSize                     = 122909434                              {pd product} {ergonomic}
    uintx ReservedCodeCacheSize                    = 251658240                              {pd product} {ergonomic}
     bool SegmentedCodeCache                       = true                                      {product} {ergonomic}
   size_t SoftMaxHeapSize                          = 2055208960                             {manageable} {ergonomic}
     bool UseCompressedClassPointers               = true                           {product lp64_product} {ergonomic}
     bool UseCompressedOops                        = true                           {product lp64_product} {ergonomic}
     bool UseG1GC                                  = true                                      {product} {ergonomic}
     bool UseLargePagesIndividualAllocation        = false                                  {pd product} {ergonomic}

Logging:
Log output configuration:
 #0: stdout all=warning uptime,level,tags
 #1: stderr all=off uptime,level,tags

Environment Variables:
JAVA_HOME=D:\jdk_environment\jdk1.8
CLASSPATH=.;JAVA_HOME%\lib;D:\jdk_environment\jdk1.8\lib\dt.jar;D:\jdk_environment\jdk1.8\lib\tools.jar;D:\jemeter\lib\ext\ApacheJMeter_core.jar;D:\jemeter\lib\jorphan.jar;D:\jemeter\lib/logkit-2.0.jar;
PATH=D:\git\Git\mingw64\libexec\git-core;D:\git\Git\mingw64\libexec\git-core;D:\git\Git\mingw64\bin;D:\git\Git\usr\bin;C:\Users\lyle_zhang\bin;D:\python\Scripts;D:\python;C:\ProgramData\Oracle\Java\javapath;C:\Windows\system32;C:\Windows;C:\Windows\System32\Wbem;C:\Windows\System32\WindowsPowerShell\v1.0;C:\Windows\System32\OpenSSH;D:\SVN\bin;D:\python;D:\jdk_environment\jdk1.8\bin;D:\jdk_environment\jdk1.8-jre\bin;D:\python\Lib\site-packages\allure-2.20.1\bin;D:\git\Git\cmd;C:\Users\lyle_zhang\AppData\Local\Microsoft\WindowsApps;C:\program files\esafenet\cobra docguard client;D:\pycharm\PyCharm Community Edition 2022.2\bin;D:\jemeter\lib\ext\ApacheJMeter_core.jar;D:\jemeter\lib\jorphan.jar;D:\jdk_environment\jdk1.8\bin;D:\python\Lib\site-packages\allure-2.20.1\bin;D:\vscode\Microsoft VS Code\bin;D:\git\Git\usr\bin;D:\git\Git\mingw64\libexec\git-core
USERNAME=lyle_zhang
DISPLAY=:0.0
LC_ALL=en_US.UTF-8
OS=Windows_NT
PROCESSOR_IDENTIFIER=Intel64 Family 6 Model 165 Stepping 3, GenuineIntel



---------------  S Y S T E M  ---------------

OS:
 Windows 10 , 64 bit Build 19041 (10.0.19041.207)
OS uptime: 22 days 5:49 hours

CPU: total 8 (initial active 8) (4 cores per cpu, 2 threads per core) family 6 model 165 stepping 3 microcode 0xea, cx8, cmov, fxsr, ht, mmx, 3dnowpref, sse, sse2, sse3, ssse3, sse4.1, sse4.2, popcnt, lzcnt, tsc, tscinvbit, avx, avx2, aes, erms, clmul, bmi1, bmi2, adx, fma, vzeroupper, clflush, clflushopt

Memory: 4k page, system-wide physical 7834M (556M free)
TotalPageFile size 31386M (AvailPageFile size 13M)
current process WorkingSet (physical memory assigned to process): 10M, peak: 10M
current process commit charge ("private bytes"): 60M, peak: 184M

vm_info: OpenJDK 64-Bit Server VM (17.0.3+7-b469.32) for windows-amd64 JRE (17.0.3+7-b469.32), built on 2022-07-19 by "builduser" with MS VC++ 16.10 / 16.11 (VS2019)

END.
